<?xml version="1.0" encoding="UTF-8"?>
<coverage generated="1714632707146" clover="3.2.0">
  <project timestamp="1714632707146" name="All files">
    <metrics statements="19" coveredstatements="19" conditionals="4" coveredconditionals="4" methods="3" coveredmethods="3" elements="26" coveredelements="26" complexity="0" loc="19" ncloc="19" packages="1" files="2" classes="2"/>
    <file name="admin.js" path="D:\Projects\Aktibo-Backend-3\src\js\admin.js">
      <metrics statements="18" coveredstatements="18" conditionals="4" coveredconditionals="4" methods="2" coveredmethods="2"/>
      <line num="38" count="1" type="stmt"/>
      <line num="48" count="1" type="stmt"/>
      <line num="49" count="1" type="stmt"/>
      <line num="50" count="1" type="stmt"/>
      <line num="51" count="1" type="stmt"/>
      <line num="55" count="3" type="cond" truecount="2" falsecount="0"/>
      <line num="56" count="1" type="stmt"/>
      <line num="60" count="2" type="stmt"/>
      <line num="63" count="2" type="stmt"/>
      <line num="64" count="2" type="stmt"/>
      <line num="65" count="2" type="stmt"/>
      <line num="68" count="2" type="stmt"/>
      <line num="69" count="2" type="stmt"/>
      <line num="72" count="2" type="cond" truecount="2" falsecount="0"/>
      <line num="74" count="2" type="stmt"/>
      <line num="78" count="1" type="stmt"/>
      <line num="79" count="1" type="stmt"/>
      <line num="80" count="1" type="stmt"/>
    </file>
    <file name="sum.js" path="D:\Projects\Aktibo-Backend-3\src\js\sum.js">
      <metrics statements="1" coveredstatements="1" conditionals="0" coveredconditionals="0" methods="1" coveredmethods="1"/>
      <line num="2" count="1" type="stmt"/>
    </file>
  </project>
</coverage>
