{"D:\\Projects\\Aktibo-Backend-3\\src\\js\\admin.js": {"path":"D:\\Projects\\Aktibo-Backend-3\\src\\js\\admin.js","statementMap":{"0":{"start":{"line":38,"column":23},"end":{"line":46,"column":3}},"1":{"start":{"line":48,"column":14},"end":{"line":48,"column":43}},"2":{"start":{"line":49,"column":15},"end":{"line":49,"column":24}},"3":{"start":{"line":50,"column":13},"end":{"line":50,"column":30}},"4":{"start":{"line":51,"column":18},"end":{"line":51,"column":30}},"5":{"start":{"line":55,"column":4},"end":{"line":57,"column":5}},"6":{"start":{"line":56,"column":6},"end":{"line":56,"column":19}},"7":{"start":{"line":60,"column":24},"end":{"line":60,"column":34}},"8":{"start":{"line":63,"column":27},"end":{"line":63,"column":37}},"9":{"start":{"line":64,"column":4},"end":{"line":64,"column":59}},"10":{"start":{"line":65,"column":4},"end":{"line":65,"column":40}},"11":{"start":{"line":68,"column":29},"end":{"line":68,"column":47}},"12":{"start":{"line":69,"column":4},"end":{"line":69,"column":34}},"13":{"start":{"line":72,"column":30},"end":{"line":72,"column":99}},"14":{"start":{"line":74,"column":4},"end":{"line":74,"column":28}},"15":{"start":{"line":78,"column":20},"end":{"line":78,"column":43}},"16":{"start":{"line":79,"column":26},"end":{"line":79,"column":48}},"17":{"start":{"line":80,"column":4},"end":{"line":80,"column":25}}},"fnMap":{"0":{"name":"checkActiveLast3Months","decl":{"start":{"line":54,"column":16},"end":{"line":54,"column":38}},"loc":{"start":{"line":54,"column":50},"end":{"line":75,"column":1}},"line":54},"1":{"name":"geSnapShotFirebase","decl":{"start":{"line":77,"column":22},"end":{"line":77,"column":40}},"loc":{"start":{"line":77,"column":43},"end":{"line":81,"column":1}},"line":77}},"branchMap":{"0":{"loc":{"start":{"line":55,"column":4},"end":{"line":57,"column":5}},"type":"if","locations":[{"start":{"line":55,"column":4},"end":{"line":57,"column":5}},{"start":{},"end":{}}],"line":55},"1":{"loc":{"start":{"line":72,"column":30},"end":{"line":72,"column":99}},"type":"binary-expr","locations":[{"start":{"line":72,"column":30},"end":{"line":72,"column":64}},{"start":{"line":72,"column":68},"end":{"line":72,"column":99}}],"line":72}},"s":{"0":1,"1":1,"2":1,"3":1,"4":1,"5":3,"6":1,"7":2,"8":2,"9":2,"10":2,"11":2,"12":2,"13":2,"14":2,"15":1,"16":1,"17":1},"f":{"0":3,"1":1},"b":{"0":[1,2],"1":[2,1]},"_coverageSchema":"1a1c01bbd47fc00a2c39e90264f33305004495a9","hash":"f037d8542ce439d44771094ed138e76c1f625bd3"}
,"D:\\Projects\\Aktibo-Backend-3\\src\\js\\sum.js": {"path":"D:\\Projects\\Aktibo-Backend-3\\src\\js\\sum.js","statementMap":{"0":{"start":{"line":2,"column":4},"end":{"line":2,"column":23}}},"fnMap":{"0":{"name":"add","decl":{"start":{"line":1,"column":16},"end":{"line":1,"column":19}},"loc":{"start":{"line":1,"column":31},"end":{"line":3,"column":1}},"line":1}},"branchMap":{},"s":{"0":1},"f":{"0":1},"b":{},"_coverageSchema":"1a1c01bbd47fc00a2c39e90264f33305004495a9","hash":"f8ce91771e2d2522d14354f9f997ea25c3fe7809"}
}
