{"C:\\Users\\maaas\\OneDrive\\Documents\\Aktibo-Backend\\Aktibo-Backend\\src\\js\\adminPortalTest.js": {"path":"C:\\Users\\maaas\\OneDrive\\Documents\\Aktibo-Backend\\Aktibo-Backend\\src\\js\\adminPortalTest.js","statementMap":{"0":{"start":{"line":10,"column":23},"end":{"line":18,"column":3}},"1":{"start":{"line":20,"column":14},"end":{"line":20,"column":43}},"2":{"start":{"line":21,"column":15},"end":{"line":21,"column":24}},"3":{"start":{"line":22,"column":13},"end":{"line":22,"column":30}},"4":{"start":{"line":25,"column":4},"end":{"line":27,"column":5}},"5":{"start":{"line":26,"column":6},"end":{"line":26,"column":19}},"6":{"start":{"line":30,"column":24},"end":{"line":30,"column":34}},"7":{"start":{"line":33,"column":27},"end":{"line":33,"column":37}},"8":{"start":{"line":34,"column":4},"end":{"line":34,"column":59}},"9":{"start":{"line":35,"column":4},"end":{"line":35,"column":40}},"10":{"start":{"line":38,"column":29},"end":{"line":38,"column":47}},"11":{"start":{"line":39,"column":4},"end":{"line":39,"column":34}},"12":{"start":{"line":42,"column":30},"end":{"line":42,"column":99}},"13":{"start":{"line":44,"column":4},"end":{"line":44,"column":28}},"14":{"start":{"line":48,"column":20},"end":{"line":48,"column":43}},"15":{"start":{"line":49,"column":26},"end":{"line":49,"column":48}},"16":{"start":{"line":50,"column":4},"end":{"line":50,"column":25}}},"fnMap":{"0":{"name":"checkActiveLast3Months","decl":{"start":{"line":24,"column":16},"end":{"line":24,"column":38}},"loc":{"start":{"line":24,"column":50},"end":{"line":45,"column":1}},"line":24},"1":{"name":"geSnapShotFirebase","decl":{"start":{"line":47,"column":22},"end":{"line":47,"column":40}},"loc":{"start":{"line":47,"column":43},"end":{"line":51,"column":1}},"line":47}},"branchMap":{"0":{"loc":{"start":{"line":25,"column":4},"end":{"line":27,"column":5}},"type":"if","locations":[{"start":{"line":25,"column":4},"end":{"line":27,"column":5}},{"start":{},"end":{}}],"line":25},"1":{"loc":{"start":{"line":42,"column":30},"end":{"line":42,"column":99}},"type":"binary-expr","locations":[{"start":{"line":42,"column":30},"end":{"line":42,"column":64}},{"start":{"line":42,"column":68},"end":{"line":42,"column":99}}],"line":42}},"s":{"0":1,"1":1,"2":1,"3":1,"4":3,"5":1,"6":2,"7":2,"8":2,"9":2,"10":2,"11":2,"12":2,"13":2,"14":1,"15":1,"16":1},"f":{"0":3,"1":1},"b":{"0":[1,2],"1":[2,1]},"_coverageSchema":"1a1c01bbd47fc00a2c39e90264f33305004495a9","hash":"06ff3d30ead983609bdd543116962fd166fb7ac0"}
,"C:\\Users\\maaas\\OneDrive\\Documents\\Aktibo-Backend\\Aktibo-Backend\\src\\js\\dashboardTest.js": {"path":"C:\\Users\\maaas\\OneDrive\\Documents\\Aktibo-Backend\\Aktibo-Backend\\src\\js\\dashboardTest.js","statementMap":{"0":{"start":{"line":2,"column":2},"end":{"line":4,"column":3}},"1":{"start":{"line":3,"column":4},"end":{"line":3,"column":14}},"2":{"start":{"line":7,"column":20},"end":{"line":7,"column":30}},"3":{"start":{"line":9,"column":24},"end":{"line":12,"column":3}},"4":{"start":{"line":14,"column":23},"end":{"line":17,"column":3}},"5":{"start":{"line":20,"column":28},"end":{"line":23,"column":4}},"6":{"start":{"line":21,"column":15},"end":{"line":21,"column":36}},"7":{"start":{"line":22,"column":4},"end":{"line":22,"column":61}},"8":{"start":{"line":27,"column":20},"end":{"line":39,"column":4}},"9":{"start":{"line":28,"column":19},"end":{"line":28,"column":40}},"10":{"start":{"line":29,"column":15},"end":{"line":29,"column":61}},"11":{"start":{"line":30,"column":16},"end":{"line":30,"column":69}},"12":{"start":{"line":31,"column":15},"end":{"line":31,"column":37}},"13":{"start":{"line":35,"column":4},"end":{"line":38,"column":6}},"14":{"start":{"line":42,"column":2},"end":{"line":42,"column":21}},"15":{"start":{"line":46,"column":2},"end":{"line":48,"column":3}},"16":{"start":{"line":47,"column":4},"end":{"line":47,"column":21}},"17":{"start":{"line":50,"column":14},"end":{"line":50,"column":24}},"18":{"start":{"line":51,"column":2},"end":{"line":51,"column":29}},"19":{"start":{"line":54,"column":17},"end":{"line":54,"column":18}},"20":{"start":{"line":55,"column":22},"end":{"line":55,"column":23}},"21":{"start":{"line":56,"column":12},"end":{"line":56,"column":13}},"22":{"start":{"line":57,"column":16},"end":{"line":57,"column":17}},"23":{"start":{"line":60,"column":2},"end":{"line":72,"column":5}},"24":{"start":{"line":62,"column":21},"end":{"line":62,"column":41}},"25":{"start":{"line":65,"column":4},"end":{"line":71,"column":5}},"26":{"start":{"line":67,"column":6},"end":{"line":67,"column":34}},"27":{"start":{"line":68,"column":6},"end":{"line":68,"column":44}},"28":{"start":{"line":69,"column":6},"end":{"line":69,"column":24}},"29":{"start":{"line":70,"column":6},"end":{"line":70,"column":32}},"30":{"start":{"line":75,"column":2},"end":{"line":75,"column":141}},"31":{"start":{"line":79,"column":2},"end":{"line":81,"column":3}},"32":{"start":{"line":80,"column":4},"end":{"line":80,"column":16}},"33":{"start":{"line":83,"column":20},"end":{"line":83,"column":30}},"34":{"start":{"line":84,"column":15},"end":{"line":84,"column":36}},"35":{"start":{"line":85,"column":2},"end":{"line":85,"column":67}},"36":{"start":{"line":87,"column":18},"end":{"line":87,"column":22}},"37":{"start":{"line":90,"column":2},"end":{"line":96,"column":3}},"38":{"start":{"line":90,"column":15},"end":{"line":90,"column":30}},"39":{"start":{"line":91,"column":20},"end":{"line":91,"column":51}},"40":{"start":{"line":92,"column":4},"end":{"line":95,"column":5}},"41":{"start":{"line":93,"column":6},"end":{"line":93,"column":26}},"42":{"start":{"line":94,"column":6},"end":{"line":94,"column":12}},"43":{"start":{"line":98,"column":2},"end":{"line":98,"column":45}}},"fnMap":{"0":{"name":"callCalendar","decl":{"start":{"line":1,"column":16},"end":{"line":1,"column":28}},"loc":{"start":{"line":1,"column":35},"end":{"line":43,"column":1}},"line":1},"1":{"name":"(anonymous_1)","decl":{"start":{"line":20,"column":40},"end":{"line":20,"column":41}},"loc":{"start":{"line":20,"column":53},"end":{"line":23,"column":3}},"line":20},"2":{"name":"(anonymous_2)","decl":{"start":{"line":27,"column":44},"end":{"line":27,"column":45}},"loc":{"start":{"line":27,"column":57},"end":{"line":39,"column":3}},"line":27},"3":{"name":"getTodayMealData","decl":{"start":{"line":45,"column":16},"end":{"line":45,"column":32}},"loc":{"start":{"line":45,"column":46},"end":{"line":76,"column":1}},"line":45},"4":{"name":"(anonymous_4)","decl":{"start":{"line":60,"column":22},"end":{"line":60,"column":23}},"loc":{"start":{"line":60,"column":34},"end":{"line":72,"column":3}},"line":60},"5":{"name":"getLastEntryBeforeMonday","decl":{"start":{"line":78,"column":16},"end":{"line":78,"column":40}},"loc":{"start":{"line":78,"column":47},"end":{"line":99,"column":1}},"line":78}},"branchMap":{"0":{"loc":{"start":{"line":2,"column":2},"end":{"line":4,"column":3}},"type":"if","locations":[{"start":{"line":2,"column":2},"end":{"line":4,"column":3}},{"start":{},"end":{}}],"line":2},"1":{"loc":{"start":{"line":2,"column":6},"end":{"line":2,"column":47}},"type":"binary-expr","locations":[{"start":{"line":2,"column":6},"end":{"line":2,"column":26}},{"start":{"line":2,"column":30},"end":{"line":2,"column":47}}],"line":2},"2":{"loc":{"start":{"line":22,"column":11},"end":{"line":22,"column":60}},"type":"binary-expr","locations":[{"start":{"line":22,"column":11},"end":{"line":22,"column":34}},{"start":{"line":22,"column":38},"end":{"line":22,"column":60}}],"line":22},"3":{"loc":{"start":{"line":46,"column":2},"end":{"line":48,"column":3}},"type":"if","locations":[{"start":{"line":46,"column":2},"end":{"line":48,"column":3}},{"start":{},"end":{}}],"line":46},"4":{"loc":{"start":{"line":65,"column":4},"end":{"line":71,"column":5}},"type":"if","locations":[{"start":{"line":65,"column":4},"end":{"line":71,"column":5}},{"start":{},"end":{}}],"line":65},"5":{"loc":{"start":{"line":79,"column":2},"end":{"line":81,"column":3}},"type":"if","locations":[{"start":{"line":79,"column":2},"end":{"line":81,"column":3}},{"start":{},"end":{}}],"line":79},"6":{"loc":{"start":{"line":79,"column":6},"end":{"line":79,"column":32}},"type":"binary-expr","locations":[{"start":{"line":79,"column":6},"end":{"line":79,"column":11}},{"start":{"line":79,"column":15},"end":{"line":79,"column":32}}],"line":79},"7":{"loc":{"start":{"line":92,"column":4},"end":{"line":95,"column":5}},"type":"if","locations":[{"start":{"line":92,"column":4},"end":{"line":95,"column":5}},{"start":{},"end":{}}],"line":92},"8":{"loc":{"start":{"line":98,"column":9},"end":{"line":98,"column":44}},"type":"cond-expr","locations":[{"start":{"line":98,"column":21},"end":{"line":98,"column":37}},{"start":{"line":98,"column":40},"end":{"line":98,"column":44}}],"line":98}},"s":{"0":2,"1":1,"2":1,"3":1,"4":1,"5":1,"6":2,"7":2,"8":1,"9":2,"10":2,"11":2,"12":2,"13":2,"14":1,"15":2,"16":1,"17":1,"18":1,"19":1,"20":1,"21":1,"22":1,"23":1,"24":2,"25":2,"26":2,"27":2,"28":2,"29":2,"30":1,"31":1,"32":1,"33":0,"34":0,"35":0,"36":0,"37":0,"38":0,"39":0,"40":0,"41":0,"42":0,"43":0},"f":{"0":2,"1":2,"2":2,"3":2,"4":2,"5":1},"b":{"0":[1,1],"1":[2,1],"2":[2,2],"3":[1,1],"4":[2,0],"5":[1,0],"6":[1,0],"7":[0,0],"8":[0,0]},"_coverageSchema":"1a1c01bbd47fc00a2c39e90264f33305004495a9","hash":"7c90282fc4fdfc5705ebd257c820690b2f04e957"}
}
