TN:
SF:src\js\adminPortalTest.js
FN:24,checkActiveLast3Months
FN:47,geSnapShotFirebase
FNF:2
FNH:2
FNDA:3,checkActiveLast3Months
FNDA:1,geSnapShotFirebase
DA:10,1
DA:20,1
DA:21,1
DA:22,1
DA:25,3
DA:26,1
DA:30,2
DA:33,2
DA:34,2
DA:35,2
DA:38,2
DA:39,2
DA:42,2
DA:44,2
DA:48,1
DA:49,1
DA:50,1
LF:17
LH:17
BRDA:25,0,0,1
BRDA:25,0,1,2
BRDA:42,1,0,2
BRDA:42,1,1,1
BRF:4
BRH:4
end_of_record
TN:
SF:src\js\dashboardTest.js
FN:1,callCalendar
FN:20,(anonymous_1)
FN:27,(anonymous_2)
FN:45,getTodayMealData
FN:60,(anonymous_4)
FN:78,getLastEntryBeforeMonday
FNF:6
FNH:6
FNDA:2,callCalendar
FNDA:2,(anonymous_1)
FNDA:2,(anonymous_2)
FNDA:2,getTodayMealData
FNDA:2,(anonymous_4)
FNDA:1,getLastEntryBeforeMonday
DA:2,2
DA:3,1
DA:7,1
DA:9,1
DA:14,1
DA:20,1
DA:21,2
DA:22,2
DA:27,1
DA:28,2
DA:29,2
DA:30,2
DA:31,2
DA:35,2
DA:42,1
DA:46,2
DA:47,1
DA:50,1
DA:51,1
DA:54,1
DA:55,1
DA:56,1
DA:57,1
DA:60,1
DA:62,2
DA:65,2
DA:67,2
DA:68,2
DA:69,2
DA:70,2
DA:75,1
DA:79,1
DA:80,1
DA:83,0
DA:84,0
DA:85,0
DA:87,0
DA:90,0
DA:91,0
DA:92,0
DA:93,0
DA:94,0
DA:98,0
LF:43
LH:33
BRDA:2,0,0,1
BRDA:2,0,1,1
BRDA:2,1,0,2
BRDA:2,1,1,1
BRDA:22,2,0,2
BRDA:22,2,1,2
BRDA:46,3,0,1
BRDA:46,3,1,1
BRDA:65,4,0,2
BRDA:65,4,1,0
BRDA:79,5,0,1
BRDA:79,5,1,0
BRDA:79,6,0,1
BRDA:79,6,1,0
BRDA:92,7,0,0
BRDA:92,7,1,0
BRDA:98,8,0,0
BRDA:98,8,1,0
BRF:18
BRH:11
end_of_record
